<?xml version="1.0" encoding="UTF-8"?>
<Site BuildName="(empty)"
	BuildStamp="20240811-0236-Experimental"
	Name="(empty)"
	Generator="ctest-3.26.3"
	CompilerName=""
	CompilerVersion=""
	OSName="Linux"
	Hostname="yunyinxi-Lenovo-Legion-Y7000P2020H"
	OSRelease="5.19.0-41-generic"
	OSVersion="#42~22.04.1-Ubuntu SMP PREEMPT_DYNAMIC Tue Apr 18 17:40:00 UTC 2"
	OSPlatform="x86_64"
	Is64Bits="1"
	VendorString="GenuineIntel"
	VendorID="Intel Corporation"
	FamilyID="6"
	ModelID="165"
	ProcessorCacheSize="16384"
	NumberOfLogicalCPU="16"
	NumberOfPhysicalCPU="8"
	TotalVirtualMemory="0"
	TotalPhysicalMemory="15864"
	LogicalProcessorsPerPhysical="2"
	ProcessorClockFrequency="1100.05"
	>
	<Testing>
		<StartDateTime>Aug 11 10:36 CST</StartDateTime>
		<StartTestTime>1723343811</StartTestTime>
		<TestList/>
		<EndDateTime>Aug 11 10:36 CST</EndDateTime>
		<EndTestTime>1723343811</EndTestTime>
		<ElapsedMinutes>0</ElapsedMinutes>
	</Testing>
</Site>
