<?xml version="1.0" encoding="UTF-8"?>
<Site BuildName="(empty)"
	BuildStamp="20240812-1421-Experimental"
	Name="(empty)"
	Generator="ctest-3.26.3"
	CompilerName=""
	CompilerVersion=""
	OSName="Linux"
	Hostname="yunyinxi-Lenovo-Legion-Y7000P2020H"
	OSRelease="6.5.0-44-generic"
	OSVersion="#44~22.04.1-Ubuntu SMP PREEMPT_DYNAMIC Tue Jun 18 14:36:16 UTC 2"
	OSPlatform="x86_64"
	Is64Bits="1"
	VendorString="GenuineIntel"
	VendorID="Intel Corporation"
	FamilyID="6"
	ModelID="165"
	ProcessorCacheSize="16384"
	NumberOfLogicalCPU="16"
	NumberOfPhysicalCPU="8"
	TotalVirtualMemory="0"
	TotalPhysicalMemory="15848"
	LogicalProcessorsPerPhysical="2"
	ProcessorClockFrequency="899.991"
	>
	<Testing>
		<StartDateTime>Aug 12 22:21 CST</StartDateTime>
		<StartTestTime>1723472496</StartTestTime>
		<TestList/>
		<EndDateTime>Aug 12 22:21 CST</EndDateTime>
		<EndTestTime>1723472496</EndTestTime>
		<ElapsedMinutes>0</ElapsedMinutes>
	</Testing>
</Site>
